app/build/intermediates/manifest_merge_blame_file/debug/manifest-merger-blame-debug-report.txt
1<?xml version="1.0" encoding="utf-8"?>
2<manifest xmlns:android="http://schemas.android.com/apk/res/android"
3    package="com.example.cinefan"
4    android:versionCode="1"
5    android:versionName="1.0" >
6
7    <uses-sdk
8        android:minSdkVersion="24"
9        android:targetSdkVersion="34" />
10
11    <!-- ======= PERMISOS NECESARIOS ======= -->
12    <uses-feature
12-->src\main\AndroidManifest.xml:6:5-8:36
13        android:name="android.hardware.telephony"
13-->src\main\AndroidManifest.xml:7:9-50
14        android:required="false" />
14-->src\main\AndroidManifest.xml:8:9-33
15
16    <!-- Permisos de red -->
17    <uses-permission android:name="android.permission.INTERNET" />
17-->src\main\AndroidManifest.xml:11:5-67
17-->src\main\AndroidManifest.xml:11:22-64
18    <uses-permission android:name="android.permission.ACCESS_NETWORK_STATE" />
18-->src\main\AndroidManifest.xml:12:5-79
18-->src\main\AndroidManifest.xml:12:22-76
19
20    <!-- Permisos de ubicación para el mapa -->
21    <uses-permission android:name="android.permission.ACCESS_FINE_LOCATION" />
21-->src\main\AndroidManifest.xml:15:5-79
21-->src\main\AndroidManifest.xml:15:22-76
22    <uses-permission android:name="android.permission.ACCESS_COARSE_LOCATION" />
22-->src\main\AndroidManifest.xml:16:5-81
22-->src\main\AndroidManifest.xml:16:22-78
23
24    <!-- Permisos para notificaciones y receptores -->
25    <uses-permission android:name="android.permission.RECEIVE_SMS" />
25-->src\main\AndroidManifest.xml:19:5-70
25-->src\main\AndroidManifest.xml:19:22-67
26    <uses-permission android:name="android.permission.READ_PHONE_STATE" />
26-->src\main\AndroidManifest.xml:20:5-75
26-->src\main\AndroidManifest.xml:20:22-72
27    <uses-permission android:name="android.permission.POST_NOTIFICATIONS" />
27-->src\main\AndroidManifest.xml:21:5-77
27-->src\main\AndroidManifest.xml:21:22-74
28
29    <!-- NUEVOS PERMISOS PARA SERVICIO DE MÚSICA -->
30    <uses-permission android:name="android.permission.FOREGROUND_SERVICE" />
30-->src\main\AndroidManifest.xml:24:5-77
30-->src\main\AndroidManifest.xml:24:22-74
31    <uses-permission android:name="android.permission.FOREGROUND_SERVICE_MEDIA_PLAYBACK" />
31-->src\main\AndroidManifest.xml:25:5-92
31-->src\main\AndroidManifest.xml:25:22-89
32
33    <!-- Permisos para almacenamiento (opcional) -->
34    <uses-permission android:name="android.permission.READ_EXTERNAL_STORAGE" />
34-->src\main\AndroidManifest.xml:28:5-80
34-->src\main\AndroidManifest.xml:28:22-77
35    <uses-permission
35-->src\main\AndroidManifest.xml:29:5-30:38
36        android:name="android.permission.WRITE_EXTERNAL_STORAGE"
36-->src\main\AndroidManifest.xml:29:22-78
37        android:maxSdkVersion="28" />
37-->src\main\AndroidManifest.xml:30:9-35
38
39    <uses-feature
39-->[com.google.android.gms:play-services-maps:18.1.0] AndroidManifest.xml:26:5-28:35
40        android:glEsVersion="0x00020000"
40-->[com.google.android.gms:play-services-maps:18.1.0] AndroidManifest.xml:27:9-41
41        android:required="true" />
41-->[com.google.android.gms:play-services-maps:18.1.0] AndroidManifest.xml:28:9-32
42
43    <queries>
43-->[com.google.android.gms:play-services-maps:18.1.0] AndroidManifest.xml:30:5-34:15
44
45        <!-- Needs to be explicitly declared on Android R+ -->
46        <package android:name="com.google.android.apps.maps" />
46-->[com.google.android.gms:play-services-maps:18.1.0] AndroidManifest.xml:33:9-64
46-->[com.google.android.gms:play-services-maps:18.1.0] AndroidManifest.xml:33:18-61
47    </queries>
48
49    <permission
49-->[androidx.core:core:1.13.0] AndroidManifest.xml:22:5-24:47
50        android:name="com.example.cinefan.DYNAMIC_RECEIVER_NOT_EXPORTED_PERMISSION"
50-->[androidx.core:core:1.13.0] AndroidManifest.xml:23:9-81
51        android:protectionLevel="signature" />
51-->[androidx.core:core:1.13.0] AndroidManifest.xml:24:9-44
52
53    <uses-permission android:name="com.example.cinefan.DYNAMIC_RECEIVER_NOT_EXPORTED_PERMISSION" />
53-->[androidx.core:core:1.13.0] AndroidManifest.xml:26:5-97
53-->[androidx.core:core:1.13.0] AndroidManifest.xml:26:22-94
54
55    <application
55-->src\main\AndroidManifest.xml:32:5-193:19
56        android:allowBackup="true"
56-->src\main\AndroidManifest.xml:33:9-35
57        android:appComponentFactory="androidx.core.app.CoreComponentFactory"
57-->[androidx.core:core:1.13.0] AndroidManifest.xml:28:18-86
58        android:debuggable="true"
59        android:extractNativeLibs="false"
60        android:icon="@drawable/logo_cinefan"
60-->src\main\AndroidManifest.xml:34:9-46
61        android:label="@string/app_name"
61-->src\main\AndroidManifest.xml:35:9-41
62        android:networkSecurityConfig="@xml/network_security_config"
62-->src\main\AndroidManifest.xml:39:9-69
63        android:roundIcon="@drawable/logo_cinefan"
63-->src\main\AndroidManifest.xml:36:9-51
64        android:supportsRtl="true"
64-->src\main\AndroidManifest.xml:37:9-35
65        android:theme="@style/AppTheme"
65-->src\main\AndroidManifest.xml:38:9-40
66        android:usesCleartextTraffic="true" >
66-->src\main\AndroidManifest.xml:40:9-44
67
68        <!-- ======= METADATA ======= -->
69        <!-- API Key de Google Maps -->
70        <meta-data
70-->src\main\AndroidManifest.xml:45:9-47:71
71            android:name="com.google.android.geo.API_KEY"
71-->src\main\AndroidManifest.xml:46:13-58
72            android:value="AIzaSyBCYdonAo-DUT_7UrJ5emfeSQbgASeut-4" />
72-->src\main\AndroidManifest.xml:47:13-68
73
74        <!-- ======= ACTIVIDADES ======= -->
75
76
77        <!-- Actividad de splash (LAUNCHER) -->
78        <activity
78-->src\main\AndroidManifest.xml:52:9-61:20
79            android:name="com.example.cinefan.actividades.SplashActivity"
79-->src\main\AndroidManifest.xml:53:13-55
80            android:exported="true"
80-->src\main\AndroidManifest.xml:54:13-36
81            android:screenOrientation="portrait"
81-->src\main\AndroidManifest.xml:56:13-49
82            android:theme="@style/SplashTheme" >
82-->src\main\AndroidManifest.xml:55:13-47
83            <intent-filter>
83-->src\main\AndroidManifest.xml:57:13-60:29
84                <action android:name="android.intent.action.MAIN" />
84-->src\main\AndroidManifest.xml:58:17-69
84-->src\main\AndroidManifest.xml:58:25-66
85
86                <category android:name="android.intent.category.LAUNCHER" />
86-->src\main\AndroidManifest.xml:59:17-77
86-->src\main\AndroidManifest.xml:59:27-74
87            </intent-filter>
88        </activity>
89
90        <!-- Actividad principal -->
91        <activity
91-->src\main\AndroidManifest.xml:64:9-69:52
92            android:name="com.example.cinefan.actividades.MainActivity"
92-->src\main\AndroidManifest.xml:65:13-53
93            android:exported="false"
93-->src\main\AndroidManifest.xml:66:13-37
94            android:label="@string/app_name"
94-->src\main\AndroidManifest.xml:67:13-45
95            android:screenOrientation="portrait"
95-->src\main\AndroidManifest.xml:69:13-49
96            android:theme="@style/AppTheme" />
96-->src\main\AndroidManifest.xml:68:13-44
97
98        <!-- Actividad de login -->
99        <activity
99-->src\main\AndroidManifest.xml:72:9-79:52
100            android:name="com.example.cinefan.actividades.LoginActivity"
100-->src\main\AndroidManifest.xml:73:13-54
101            android:exported="false"
101-->src\main\AndroidManifest.xml:74:13-37
102            android:label="@string/iniciar_sesion"
102-->src\main\AndroidManifest.xml:75:13-51
103            android:parentActivityName="com.example.cinefan.actividades.MainActivity"
103-->src\main\AndroidManifest.xml:76:13-67
104            android:screenOrientation="portrait"
104-->src\main\AndroidManifest.xml:79:13-49
105            android:theme="@style/AppTheme.NoActionBar"
105-->src\main\AndroidManifest.xml:77:13-56
106            android:windowSoftInputMode="adjustResize" />
106-->src\main\AndroidManifest.xml:78:13-55
107
108        <!-- Actividad de registro -->
109        <activity
109-->src\main\AndroidManifest.xml:82:9-89:52
110            android:name="com.example.cinefan.actividades.RegistroActivity"
110-->src\main\AndroidManifest.xml:83:13-57
111            android:exported="false"
111-->src\main\AndroidManifest.xml:84:13-37
112            android:label="@string/registro"
112-->src\main\AndroidManifest.xml:85:13-45
113            android:parentActivityName="com.example.cinefan.actividades.LoginActivity"
113-->src\main\AndroidManifest.xml:86:13-68
114            android:screenOrientation="portrait"
114-->src\main\AndroidManifest.xml:89:13-49
115            android:theme="@style/AppTheme.NoActionBar"
115-->src\main\AndroidManifest.xml:87:13-56
116            android:windowSoftInputMode="adjustResize" />
116-->src\main\AndroidManifest.xml:88:13-55
117
118        <!-- Actividad del feed -->
119        <activity
119-->src\main\AndroidManifest.xml:92:9-98:52
120            android:name="com.example.cinefan.actividades.FeedActivity"
120-->src\main\AndroidManifest.xml:93:13-53
121            android:exported="false"
121-->src\main\AndroidManifest.xml:94:13-37
122            android:label="@string/titulo_feed"
122-->src\main\AndroidManifest.xml:95:13-48
123            android:parentActivityName="com.example.cinefan.actividades.MainActivity"
123-->src\main\AndroidManifest.xml:96:13-67
124            android:screenOrientation="portrait"
124-->src\main\AndroidManifest.xml:98:13-49
125            android:theme="@style/AppTheme" />
125-->src\main\AndroidManifest.xml:97:13-44
126
127        <!-- Actividad de gestión -->
128        <activity
128-->src\main\AndroidManifest.xml:101:9-107:52
129            android:name="com.example.cinefan.actividades.GestionActivity"
129-->src\main\AndroidManifest.xml:102:13-56
130            android:exported="false"
130-->src\main\AndroidManifest.xml:103:13-37
131            android:label="@string/titulo_gestion"
131-->src\main\AndroidManifest.xml:104:13-51
132            android:parentActivityName="com.example.cinefan.actividades.MainActivity"
132-->src\main\AndroidManifest.xml:105:13-67
133            android:screenOrientation="portrait"
133-->src\main\AndroidManifest.xml:107:13-49
134            android:theme="@style/AppTheme" />
134-->src\main\AndroidManifest.xml:106:13-44
135
136        <!-- Actividad del mapa -->
137        <activity
137-->src\main\AndroidManifest.xml:110:9-116:52
138            android:name="com.example.cinefan.actividades.MapaActivity"
138-->src\main\AndroidManifest.xml:111:13-53
139            android:exported="false"
139-->src\main\AndroidManifest.xml:112:13-37
140            android:label="@string/titulo_mapa"
140-->src\main\AndroidManifest.xml:113:13-48
141            android:parentActivityName="com.example.cinefan.actividades.MainActivity"
141-->src\main\AndroidManifest.xml:114:13-67
142            android:screenOrientation="portrait"
142-->src\main\AndroidManifest.xml:116:13-49
143            android:theme="@style/AppTheme" />
143-->src\main\AndroidManifest.xml:115:13-44
144
145        <!-- Actividad para agregar película -->
146        <activity
146-->src\main\AndroidManifest.xml:119:9-126:52
147            android:name="com.example.cinefan.actividades.AgregarPeliculaActivity"
147-->src\main\AndroidManifest.xml:120:13-64
148            android:exported="false"
148-->src\main\AndroidManifest.xml:121:13-37
149            android:label="@string/agregar_pelicula"
149-->src\main\AndroidManifest.xml:122:13-53
150            android:parentActivityName="com.example.cinefan.actividades.GestionActivity"
150-->src\main\AndroidManifest.xml:123:13-70
151            android:screenOrientation="portrait"
151-->src\main\AndroidManifest.xml:126:13-49
152            android:theme="@style/AppTheme"
152-->src\main\AndroidManifest.xml:124:13-44
153            android:windowSoftInputMode="adjustResize" />
153-->src\main\AndroidManifest.xml:125:13-55
154
155        <!-- Actividad para agregar reseña -->
156        <activity
156-->src\main\AndroidManifest.xml:129:9-136:52
157            android:name="com.example.cinefan.actividades.AgregarResenaActivity"
157-->src\main\AndroidManifest.xml:130:13-62
158            android:exported="false"
158-->src\main\AndroidManifest.xml:131:13-37
159            android:label="@string/agregar_resena"
159-->src\main\AndroidManifest.xml:132:13-51
160            android:parentActivityName="com.example.cinefan.actividades.FeedActivity"
160-->src\main\AndroidManifest.xml:133:13-67
161            android:screenOrientation="portrait"
161-->src\main\AndroidManifest.xml:136:13-49
162            android:theme="@style/AppTheme"
162-->src\main\AndroidManifest.xml:134:13-44
163            android:windowSoftInputMode="adjustResize" />
163-->src\main\AndroidManifest.xml:135:13-55
164
165        <!-- Actividad de perfil de usuario -->
166        <activity
166-->src\main\AndroidManifest.xml:139:9-146:43
167            android:name="com.example.cinefan.actividades.PerfilActivity"
167-->src\main\AndroidManifest.xml:140:13-55
168            android:exported="false"
168-->src\main\AndroidManifest.xml:141:13-37
169            android:label="@string/perfil_usuario"
169-->src\main\AndroidManifest.xml:142:13-51
170            android:parentActivityName="com.example.cinefan.actividades.MainActivity"
170-->src\main\AndroidManifest.xml:143:13-67
171            android:screenOrientation="portrait"
171-->src\main\AndroidManifest.xml:145:13-49
172            android:theme="@style/AppTheme" />
172-->src\main\AndroidManifest.xml:144:13-44
173
174        <!-- ======= SERVICIOS ======= -->
175
176
177        <!-- SERVICIO DE MÚSICA CORREGIDO -->
178        <service
178-->src\main\AndroidManifest.xml:151:9-156:43
179            android:name="com.example.cinefan.servicios.ServicioMusica"
179-->src\main\AndroidManifest.xml:152:13-53
180            android:enabled="true"
180-->src\main\AndroidManifest.xml:153:13-35
181            android:exported="false"
181-->src\main\AndroidManifest.xml:154:13-37
182            android:foregroundServiceType="mediaPlayback"
182-->src\main\AndroidManifest.xml:155:13-58
183            android:stopWithTask="true" />
183-->src\main\AndroidManifest.xml:156:13-40
184
185        <!-- ======= RECEPTORES ======= -->
186
187
188        <!-- Receptor de llamadas -->
189        <receiver
189-->src\main\AndroidManifest.xml:161:9-168:20
190            android:name="com.example.cinefan.receptores.ReceptorLlamadas"
190-->src\main\AndroidManifest.xml:162:13-56
191            android:enabled="true"
191-->src\main\AndroidManifest.xml:163:13-35
192            android:exported="true" >
192-->src\main\AndroidManifest.xml:164:13-36
193            <intent-filter android:priority="1000" >
193-->src\main\AndroidManifest.xml:165:13-167:29
193-->src\main\AndroidManifest.xml:165:28-51
194                <action android:name="android.intent.action.PHONE_STATE" />
194-->src\main\AndroidManifest.xml:166:17-76
194-->src\main\AndroidManifest.xml:166:25-73
195            </intent-filter>
196        </receiver>
197
198        <!-- Receptor de SMS -->
199        <receiver
199-->src\main\AndroidManifest.xml:171:9-178:20
200            android:name="com.example.cinefan.receptores.ReceptorSms"
200-->src\main\AndroidManifest.xml:172:13-51
201            android:enabled="true"
201-->src\main\AndroidManifest.xml:173:13-35
202            android:exported="true" >
202-->src\main\AndroidManifest.xml:174:13-36
203            <intent-filter android:priority="1000" >
203-->src\main\AndroidManifest.xml:175:13-177:29
203-->src\main\AndroidManifest.xml:175:28-51
204                <action android:name="android.provider.Telephony.SMS_RECEIVED" />
204-->src\main\AndroidManifest.xml:176:17-82
204-->src\main\AndroidManifest.xml:176:25-79
205            </intent-filter>
206        </receiver>
207
208        <!-- ======= PROVEEDORES DE CONTENIDO ======= -->
209
210
211        <!-- Proveedor de archivos para compartir -->
212        <provider
213            android:name="androidx.core.content.FileProvider"
213-->src\main\AndroidManifest.xml:184:13-62
214            android:authorities="com.example.cinefan.fileprovider"
214-->src\main\AndroidManifest.xml:185:13-64
215            android:exported="false"
215-->src\main\AndroidManifest.xml:186:13-37
216            android:grantUriPermissions="true" >
216-->src\main\AndroidManifest.xml:187:13-47
217            <meta-data
217-->src\main\AndroidManifest.xml:188:13-190:54
218                android:name="android.support.FILE_PROVIDER_PATHS"
218-->src\main\AndroidManifest.xml:189:17-67
219                android:resource="@xml/file_paths" />
219-->src\main\AndroidManifest.xml:190:17-51
220        </provider>
221        <provider
221-->[androidx.emoji2:emoji2:1.2.0] AndroidManifest.xml:24:9-32:20
222            android:name="androidx.startup.InitializationProvider"
222-->[androidx.emoji2:emoji2:1.2.0] AndroidManifest.xml:25:13-67
223            android:authorities="com.example.cinefan.androidx-startup"
223-->[androidx.emoji2:emoji2:1.2.0] AndroidManifest.xml:26:13-68
224            android:exported="false" >
224-->[androidx.emoji2:emoji2:1.2.0] AndroidManifest.xml:27:13-37
225            <meta-data
225-->[androidx.emoji2:emoji2:1.2.0] AndroidManifest.xml:29:13-31:52
226                android:name="androidx.emoji2.text.EmojiCompatInitializer"
226-->[androidx.emoji2:emoji2:1.2.0] AndroidManifest.xml:30:17-75
227                android:value="androidx.startup" />
227-->[androidx.emoji2:emoji2:1.2.0] AndroidManifest.xml:31:17-49
228            <meta-data
228-->[androidx.lifecycle:lifecycle-process:2.6.2] AndroidManifest.xml:29:13-31:52
229                android:name="androidx.lifecycle.ProcessLifecycleInitializer"
229-->[androidx.lifecycle:lifecycle-process:2.6.2] AndroidManifest.xml:30:17-78
230                android:value="androidx.startup" />
230-->[androidx.lifecycle:lifecycle-process:2.6.2] AndroidManifest.xml:31:17-49
231            <meta-data
231-->[androidx.profileinstaller:profileinstaller:1.3.0] AndroidManifest.xml:29:13-31:52
232                android:name="androidx.profileinstaller.ProfileInstallerInitializer"
232-->[androidx.profileinstaller:profileinstaller:1.3.0] AndroidManifest.xml:30:17-85
233                android:value="androidx.startup" />
233-->[androidx.profileinstaller:profileinstaller:1.3.0] AndroidManifest.xml:31:17-49
234        </provider> <!-- Needs to be explicitly declared on P+ -->
235        <uses-library
235-->[com.google.android.gms:play-services-maps:18.1.0] AndroidManifest.xml:39:9-41:40
236            android:name="org.apache.http.legacy"
236-->[com.google.android.gms:play-services-maps:18.1.0] AndroidManifest.xml:40:13-50
237            android:required="false" />
237-->[com.google.android.gms:play-services-maps:18.1.0] AndroidManifest.xml:41:13-37
238
239        <activity
239-->[com.google.android.gms:play-services-base:18.1.0] AndroidManifest.xml:20:9-22:45
240            android:name="com.google.android.gms.common.api.GoogleApiActivity"
240-->[com.google.android.gms:play-services-base:18.1.0] AndroidManifest.xml:20:19-85
241            android:exported="false"
241-->[com.google.android.gms:play-services-base:18.1.0] AndroidManifest.xml:22:19-43
242            android:theme="@android:style/Theme.Translucent.NoTitleBar" />
242-->[com.google.android.gms:play-services-base:18.1.0] AndroidManifest.xml:21:19-78
243
244        <meta-data
244-->[com.google.android.gms:play-services-basement:18.1.0] AndroidManifest.xml:21:9-23:69
245            android:name="com.google.android.gms.version"
245-->[com.google.android.gms:play-services-basement:18.1.0] AndroidManifest.xml:22:13-58
246            android:value="@integer/google_play_services_version" />
246-->[com.google.android.gms:play-services-basement:18.1.0] AndroidManifest.xml:23:13-66
247
248        <receiver
248-->[androidx.profileinstaller:profileinstaller:1.3.0] AndroidManifest.xml:34:9-52:20
249            android:name="androidx.profileinstaller.ProfileInstallReceiver"
249-->[androidx.profileinstaller:profileinstaller:1.3.0] AndroidManifest.xml:35:13-76
250            android:directBootAware="false"
250-->[androidx.profileinstaller:profileinstaller:1.3.0] AndroidManifest.xml:36:13-44
251            android:enabled="true"
251-->[androidx.profileinstaller:profileinstaller:1.3.0] AndroidManifest.xml:37:13-35
252            android:exported="true"
252-->[androidx.profileinstaller:profileinstaller:1.3.0] AndroidManifest.xml:38:13-36
253            android:permission="android.permission.DUMP" >
253-->[androidx.profileinstaller:profileinstaller:1.3.0] AndroidManifest.xml:39:13-57
254            <intent-filter>
254-->[androidx.profileinstaller:profileinstaller:1.3.0] AndroidManifest.xml:40:13-42:29
255                <action android:name="androidx.profileinstaller.action.INSTALL_PROFILE" />
255-->[androidx.profileinstaller:profileinstaller:1.3.0] AndroidManifest.xml:41:17-91
255-->[androidx.profileinstaller:profileinstaller:1.3.0] AndroidManifest.xml:41:25-88
256            </intent-filter>
257            <intent-filter>
257-->[androidx.profileinstaller:profileinstaller:1.3.0] AndroidManifest.xml:43:13-45:29
258                <action android:name="androidx.profileinstaller.action.SKIP_FILE" />
258-->[androidx.profileinstaller:profileinstaller:1.3.0] AndroidManifest.xml:44:17-85
258-->[androidx.profileinstaller:profileinstaller:1.3.0] AndroidManifest.xml:44:25-82
259            </intent-filter>
260            <intent-filter>
260-->[androidx.profileinstaller:profileinstaller:1.3.0] AndroidManifest.xml:46:13-48:29
261                <action android:name="androidx.profileinstaller.action.SAVE_PROFILE" />
261-->[androidx.profileinstaller:profileinstaller:1.3.0] AndroidManifest.xml:47:17-88
261-->[androidx.profileinstaller:profileinstaller:1.3.0] AndroidManifest.xml:47:25-85
262            </intent-filter>
263            <intent-filter>
263-->[androidx.profileinstaller:profileinstaller:1.3.0] AndroidManifest.xml:49:13-51:29
264                <action android:name="androidx.profileinstaller.action.BENCHMARK_OPERATION" />
264-->[androidx.profileinstaller:profileinstaller:1.3.0] AndroidManifest.xml:50:17-95
264-->[androidx.profileinstaller:profileinstaller:1.3.0] AndroidManifest.xml:50:25-92
265            </intent-filter>
266        </receiver>
267    </application>
268
269</manifest>